<?xml version="1.0" encoding="UTF-8"?>
<!-- Generated by org.testng.reporters.JUnitXMLReporter -->
<testsuite ignored="0" hostname="DESKTOP-GKPSUJA" failures="1" tests="3" name="Test" time="20.701" errors="0" timestamp="2023-02-15T22:13:19 IST">
  <testcase classname="test2.PIMTest2" name="verifyTitleOfPIMPage" time="2.263"/>
  <testcase classname="test2.PIMTest2" name="verifyEmpSearchEmpName" time="2.055"/>
  <testcase classname="test2.PIMTest2" name="verifyEmpSearchEmpName" time="10.623">
    <failure type="java.lang.IndexOutOfBoundsException" message="Index 0 out of bounds for length 0">
      <![CDATA[java.lang.IndexOutOfBoundsException: Index 0 out of bounds for length 0
at java.base/jdk.internal.util.Preconditions.outOfBounds(Preconditions.java:64)
at java.base/jdk.internal.util.Preconditions.outOfBoundsCheckIndex(Preconditions.java:70)
at java.base/jdk.internal.util.Preconditions.checkIndex(Preconditions.java:248)
at java.base/java.util.Objects.checkIndex(Objects.java:359)
at java.base/java.util.ArrayList.get(ArrayList.java:427)
at mainjava2.PIMPage2.getEmpListFromSearchResults(PIMPage2.java:83)
at test2.PIMTest2.verifyEmpSearchEmpName(PIMTest2.java:21)
at java.base/java.util.ArrayList.forEach(ArrayList.java:1511)
... Removed 27 stack frames]]>
    </failure>
  </testcase> <!-- verifyEmpSearchEmpName -->
</testsuite> <!-- Test -->
