<?xml version="1.0" encoding="UTF-8"?>
<testng-results ignored="0" total="6" passed="5" failed="1" skipped="0">
  <reporter-output>
  </reporter-output>
  <suite started-at="2023-02-16T17:13:53 IST" name="Default suite" finished-at="2023-02-16T17:14:27 IST" duration-ms="34213">
    <groups>
      <group name="Regression">
        <method signature="PIMTest2.verifyTitleOfPIMPage()[pri:4, instance:test2.PIMTest2@7a35b0f5]" name="verifyTitleOfPIMPage" class="test2.PIMTest2"/>
        <method signature="PIMTest2.verifyEmpSearchEmpName(java.lang.String)[pri:5, instance:test2.PIMTest2@7a35b0f5]" name="verifyEmpSearchEmpName" class="test2.PIMTest2"/>
        <method signature="PIMTest2.verifyEmpSearchEmpID()[pri:6, instance:test2.PIMTest2@7a35b0f5]" name="verifyEmpSearchEmpID" class="test2.PIMTest2"/>
        <method signature="PIMTest2.verifyEmploymentStatus()[pri:7, instance:test2.PIMTest2@7a35b0f5]" name="verifyEmploymentStatus" class="test2.PIMTest2"/>
      </group> <!-- Regression -->
      <group name="Smoke">
        <method signature="PIMTest2.verifyTitleOfPIMPage()[pri:4, instance:test2.PIMTest2@7a35b0f5]" name="verifyTitleOfPIMPage" class="test2.PIMTest2"/>
        <method signature="PIMTest2.verifyEmpSearchEmpName(java.lang.String)[pri:5, instance:test2.PIMTest2@7a35b0f5]" name="verifyEmpSearchEmpName" class="test2.PIMTest2"/>
        <method signature="PIMTest2.verifyEmpSearchEmpID()[pri:6, instance:test2.PIMTest2@7a35b0f5]" name="verifyEmpSearchEmpID" class="test2.PIMTest2"/>
        <method signature="PIMTest2.verifyEmploymentStatus()[pri:7, instance:test2.PIMTest2@7a35b0f5]" name="verifyEmploymentStatus" class="test2.PIMTest2"/>
      </group> <!-- Smoke -->
    </groups>
    <test started-at="2023-02-16T17:13:53 IST" name="Default test" finished-at="2023-02-16T17:14:27 IST" duration-ms="34213">
      <class name="test2.PIMTest2">
        <test-method is-config="true" signature="initBrowser()[pri:0, instance:test2.PIMTest2@7a35b0f5]" started-at="2023-02-16T17:12:59 IST" name="initBrowser" finished-at="2023-02-16T17:13:53 IST" duration-ms="54060" status="PASS">
          <reporter-output>
          </reporter-output>
        </test-method> <!-- initBrowser -->
        <test-method is-config="true" signature="pageObjects()[pri:0, instance:test2.PIMTest2@7a35b0f5]" started-at="2023-02-16T17:13:53 IST" name="pageObjects" finished-at="2023-02-16T17:13:53 IST" duration-ms="57" status="PASS">
          <reporter-output>
          </reporter-output>
        </test-method> <!-- pageObjects -->
        <test-method is-config="true" signature="login()[pri:0, instance:test2.PIMTest2@7a35b0f5]" started-at="2023-02-16T17:13:53 IST" name="login" finished-at="2023-02-16T17:13:59 IST" duration-ms="5613" status="PASS">
          <reporter-output>
          </reporter-output>
        </test-method> <!-- login -->
        <test-method signature="verifyTitleOfPIMPage()[pri:4, instance:test2.PIMTest2@7a35b0f5]" started-at="2023-02-16T17:13:59 IST" name="verifyTitleOfPIMPage" finished-at="2023-02-16T17:14:02 IST" duration-ms="3408" status="PASS">
          <reporter-output>
          </reporter-output>
        </test-method> <!-- verifyTitleOfPIMPage -->
        <test-method signature="verifyEmpSearchEmpName(java.lang.String)[pri:5, instance:test2.PIMTest2@7a35b0f5]" started-at="2023-02-16T17:14:02 IST" name="verifyEmpSearchEmpName" data-provider="getData" finished-at="2023-02-16T17:14:03 IST" duration-ms="1346" status="PASS">
          <params>
            <param index="0">
              <value>
                <![CDATA[Cassidy]]>
              </value>
            </param>
          </params>
          <reporter-output>
          </reporter-output>
        </test-method> <!-- verifyEmpSearchEmpName -->
        <test-method signature="verifyEmpSearchEmpName(java.lang.String)[pri:5, instance:test2.PIMTest2@7a35b0f5]" started-at="2023-02-16T17:14:03 IST" name="verifyEmpSearchEmpName" data-provider="getData" finished-at="2023-02-16T17:14:05 IST" duration-ms="2063" status="PASS">
          <params>
            <param index="0">
              <value>
                <![CDATA[Hope]]>
              </value>
            </param>
          </params>
          <reporter-output>
          </reporter-output>
        </test-method> <!-- verifyEmpSearchEmpName -->
        <test-method signature="verifyEmpSearchEmpName(java.lang.String)[pri:5, instance:test2.PIMTest2@7a35b0f5]" started-at="2023-02-16T17:14:05 IST" name="verifyEmpSearchEmpName" data-provider="getData" finished-at="2023-02-16T17:14:09 IST" duration-ms="3518" status="PASS">
          <params>
            <param index="0">
              <value>
                <![CDATA[Charlie]]>
              </value>
            </param>
          </params>
          <reporter-output>
          </reporter-output>
        </test-method> <!-- verifyEmpSearchEmpName -->
        <test-method signature="verifyEmpSearchEmpID()[pri:6, instance:test2.PIMTest2@7a35b0f5]" started-at="2023-02-16T17:14:09 IST" name="verifyEmpSearchEmpID" finished-at="2023-02-16T17:14:13 IST" duration-ms="4347" status="PASS">
          <reporter-output>
          </reporter-output>
        </test-method> <!-- verifyEmpSearchEmpID -->
        <test-method signature="verifyEmploymentStatus()[pri:7, instance:test2.PIMTest2@7a35b0f5]" started-at="2023-02-16T17:14:13 IST" name="verifyEmploymentStatus" finished-at="2023-02-16T17:14:25 IST" duration-ms="11766" status="FAIL">
          <exception class="java.lang.IndexOutOfBoundsException">
            <message>
              <![CDATA[Index 0 out of bounds for length 0]]>
            </message>
            <full-stacktrace>
              <![CDATA[java.lang.IndexOutOfBoundsException: Index 0 out of bounds for length 0
at java.base/jdk.internal.util.Preconditions.outOfBounds(Preconditions.java:64)
at java.base/jdk.internal.util.Preconditions.outOfBoundsCheckIndex(Preconditions.java:70)
at java.base/jdk.internal.util.Preconditions.checkIndex(Preconditions.java:248)
at java.base/java.util.Objects.checkIndex(Objects.java:359)
at java.base/java.util.ArrayList.get(ArrayList.java:427)
at mainjava2.PIMPage2.getEmpListFromSearchResults(PIMPage2.java:100)
at test2.PIMTest2.verifyEmploymentStatus(PIMTest2.java:47)
at java.base/jdk.internal.reflect.NativeMethodAccessorImpl.invoke0(Native Method)
at java.base/jdk.internal.reflect.NativeMethodAccessorImpl.invoke(NativeMethodAccessorImpl.java:64)
at java.base/jdk.internal.reflect.DelegatingMethodAccessorImpl.invoke(DelegatingMethodAccessorImpl.java:43)
at java.base/java.lang.reflect.Method.invoke(Method.java:564)
at org.testng.internal.invokers.MethodInvocationHelper.invokeMethod(MethodInvocationHelper.java:139)
at org.testng.internal.invokers.TestInvoker.invokeMethod(TestInvoker.java:677)
at org.testng.internal.invokers.TestInvoker.invokeTestMethod(TestInvoker.java:221)
at org.testng.internal.invokers.MethodRunner.runInSequence(MethodRunner.java:50)
at org.testng.internal.invokers.TestInvoker$MethodInvocationAgent.invoke(TestInvoker.java:969)
at org.testng.internal.invokers.TestInvoker.invokeTestMethods(TestInvoker.java:194)
at org.testng.internal.invokers.TestMethodWorker.invokeTestMethods(TestMethodWorker.java:148)
at org.testng.internal.invokers.TestMethodWorker.run(TestMethodWorker.java:128)
at java.base/java.util.ArrayList.forEach(ArrayList.java:1511)
at org.testng.TestRunner.privateRun(TestRunner.java:829)
at org.testng.TestRunner.run(TestRunner.java:602)
at org.testng.SuiteRunner.runTest(SuiteRunner.java:437)
at org.testng.SuiteRunner.runSequentially(SuiteRunner.java:431)
at org.testng.SuiteRunner.privateRun(SuiteRunner.java:391)
at org.testng.SuiteRunner.run(SuiteRunner.java:330)
at org.testng.SuiteRunnerWorker.runSuite(SuiteRunnerWorker.java:52)
at org.testng.SuiteRunnerWorker.run(SuiteRunnerWorker.java:95)
at org.testng.TestNG.runSuitesSequentially(TestNG.java:1256)
at org.testng.TestNG.runSuitesLocally(TestNG.java:1176)
at org.testng.TestNG.runSuites(TestNG.java:1099)
at org.testng.TestNG.run(TestNG.java:1067)
at org.testng.remote.AbstractRemoteTestNG.run(AbstractRemoteTestNG.java:115)
at org.testng.remote.RemoteTestNG.initAndRun(RemoteTestNG.java:251)
at org.testng.remote.RemoteTestNG.main(RemoteTestNG.java:77)
]]>
            </full-stacktrace>
          </exception> <!-- java.lang.IndexOutOfBoundsException -->
          <reporter-output>
          </reporter-output>
        </test-method> <!-- verifyEmploymentStatus -->
        <test-method is-config="true" signature="logOut()[pri:0, instance:test2.PIMTest2@7a35b0f5]" started-at="2023-02-16T17:14:25 IST" name="logOut" finished-at="2023-02-16T17:14:27 IST" duration-ms="1939" status="PASS">
          <reporter-output>
          </reporter-output>
        </test-method> <!-- logOut -->
        <test-method is-config="true" signature="tearDownEnvironment()[pri:0, instance:test2.PIMTest2@7a35b0f5]" started-at="2023-02-16T17:14:27 IST" name="tearDownEnvironment" finished-at="2023-02-16T17:14:28 IST" duration-ms="849" status="PASS">
          <reporter-output>
          </reporter-output>
        </test-method> <!-- tearDownEnvironment -->
      </class> <!-- test2.PIMTest2 -->
    </test> <!-- Default test -->
  </suite> <!-- Default suite -->
</testng-results>
