<?xml version="1.0" encoding="UTF-8"?>
<testng-results ignored="2" total="8" passed="5" failed="1" skipped="0">
  <reporter-output>
  </reporter-output>
  <suite started-at="2023-02-15T21:22:06 IST" name="Suite" finished-at="2023-02-15T21:22:32 IST" duration-ms="25954">
    <groups>
      <group name="Regression">
        <method signature="LoginTest2.verifyTitleOfBuild()[pri:0, instance:test2.LoginTest2@5677323c]" name="verifyTitleOfBuild" class="test2.LoginTest2"/>
        <method signature="LoginTest2.verifyTitleofPage()[pri:1, instance:test2.LoginTest2@5677323c]" name="verifyTitleofPage" class="test2.LoginTest2"/>
        <method signature="LoginTest2.verifyCurrentUrlofPage()[pri:2, instance:test2.LoginTest2@5677323c]" name="verifyCurrentUrlofPage" class="test2.LoginTest2"/>
        <method signature="LoginTest2.verifyLoginWithCorrectCredentials()[pri:3, instance:test2.LoginTest2@5677323c]" name="verifyLoginWithCorrectCredentials" class="test2.LoginTest2"/>
        <method signature="PIMTest2.verifyTitleOfPIMPage()[pri:4, instance:test2.PIMTest2@5ab956d7]" name="verifyTitleOfPIMPage" class="test2.PIMTest2"/>
        <method signature="PIMTest2.verifyEmpSearchEmpName()[pri:5, instance:test2.PIMTest2@5ab956d7]" name="verifyEmpSearchEmpName" class="test2.PIMTest2"/>
      </group> <!-- Regression -->
      <group name="Smoke">
        <method signature="LoginTest2.verifyTitleOfBuild()[pri:0, instance:test2.LoginTest2@5677323c]" name="verifyTitleOfBuild" class="test2.LoginTest2"/>
        <method signature="LoginTest2.verifyTitleofPage()[pri:1, instance:test2.LoginTest2@5677323c]" name="verifyTitleofPage" class="test2.LoginTest2"/>
        <method signature="LoginTest2.verifyCurrentUrlofPage()[pri:2, instance:test2.LoginTest2@5677323c]" name="verifyCurrentUrlofPage" class="test2.LoginTest2"/>
        <method signature="LoginTest2.verifyLoginWithCorrectCredentials()[pri:3, instance:test2.LoginTest2@5677323c]" name="verifyLoginWithCorrectCredentials" class="test2.LoginTest2"/>
        <method signature="PIMTest2.verifyTitleOfPIMPage()[pri:4, instance:test2.PIMTest2@5ab956d7]" name="verifyTitleOfPIMPage" class="test2.PIMTest2"/>
        <method signature="PIMTest2.verifyEmpSearchEmpName()[pri:5, instance:test2.PIMTest2@5ab956d7]" name="verifyEmpSearchEmpName" class="test2.PIMTest2"/>
      </group> <!-- Smoke -->
    </groups>
    <test started-at="2023-02-15T21:22:06 IST" name="Test" finished-at="2023-02-15T21:22:32 IST" duration-ms="25954">
      <class name="test2.PIMTest2">
        <test-method is-config="true" signature="pageObjects()[pri:0, instance:test2.PIMTest2@5ab956d7]" started-at="2023-02-15T21:22:20 IST" name="pageObjects" finished-at="2023-02-15T21:22:20 IST" duration-ms="4" status="PASS">
          <reporter-output>
          </reporter-output>
        </test-method> <!-- pageObjects -->
        <test-method is-config="true" signature="login()[pri:0, instance:test2.PIMTest2@5ab956d7]" started-at="2023-02-15T21:22:20 IST" name="login" finished-at="2023-02-15T21:22:24 IST" duration-ms="4212" status="PASS">
          <reporter-output>
          </reporter-output>
        </test-method> <!-- login -->
        <test-method signature="verifyTitleOfPIMPage()[pri:4, instance:test2.PIMTest2@5ab956d7]" started-at="2023-02-15T21:22:24 IST" name="verifyTitleOfPIMPage" finished-at="2023-02-15T21:22:27 IST" duration-ms="2925" status="PASS">
          <reporter-output>
          </reporter-output>
        </test-method> <!-- verifyTitleOfPIMPage -->
        <test-method signature="verifyEmpSearchEmpName()[pri:5, instance:test2.PIMTest2@5ab956d7]" started-at="2023-02-15T21:22:27 IST" name="verifyEmpSearchEmpName" finished-at="2023-02-15T21:22:30 IST" duration-ms="2715" status="FAIL">
          <exception class="org.openqa.selenium.StaleElementReferenceException">
            <message>
              <![CDATA[stale element reference: element is not attached to the page document
  (Session info: chrome=110.0.5481.97)
For documentation on this error, please visit: https://selenium.dev/exceptions/#stale_element_reference
Build info: version: '4.7.2', revision: '4d4020c3b7'
System info: os.name: 'Windows 10', os.arch: 'amd64', os.version: '10.0', java.version: '15.0.1'
Driver info: org.openqa.selenium.chrome.ChromeDriver
Command: [3d6124a758b8035100f0410f8616ab80, getElementText {id=28ca21b5-e811-4fe4-a00e-41ce414448c1}]
Capabilities {acceptInsecureCerts: false, browserName: chrome, browserVersion: 110.0.5481.97, chrome: {chromedriverVersion: 110.0.5481.77 (65ed616c6e8e..., userDataDir: C:\Users\Lenovo\AppData\Loc...}, goog:chromeOptions: {debuggerAddress: localhost:52588}, networkConnectionEnabled: false, pageLoadStrategy: normal, platformName: WINDOWS, proxy: Proxy(), se:cdp: ws://localhost:52588/devtoo..., se:cdpVersion: 110.0.5481.97, setWindowRect: true, strictFileInteractability: false, timeouts: {implicit: 0, pageLoad: 300000, script: 30000}, unhandledPromptBehavior: dismiss and notify, webauthn:extension:credBlob: true, webauthn:extension:largeBlob: true, webauthn:virtualAuthenticators: true}
Element: [[[[ChromeDriver: chrome on WINDOWS (3d6124a758b8035100f0410f8616ab80)] -> class name: orangehrm-container]] -> xpath: //div[contains(text(),'Cassidy')]]
Session ID: 3d6124a758b8035100f0410f8616ab80]]>
            </message>
            <full-stacktrace>
              <![CDATA[org.openqa.selenium.StaleElementReferenceException: stale element reference: element is not attached to the page document
  (Session info: chrome=110.0.5481.97)
For documentation on this error, please visit: https://selenium.dev/exceptions/#stale_element_reference
Build info: version: '4.7.2', revision: '4d4020c3b7'
System info: os.name: 'Windows 10', os.arch: 'amd64', os.version: '10.0', java.version: '15.0.1'
Driver info: org.openqa.selenium.chrome.ChromeDriver
Command: [3d6124a758b8035100f0410f8616ab80, getElementText {id=28ca21b5-e811-4fe4-a00e-41ce414448c1}]
Capabilities {acceptInsecureCerts: false, browserName: chrome, browserVersion: 110.0.5481.97, chrome: {chromedriverVersion: 110.0.5481.77 (65ed616c6e8e..., userDataDir: C:\Users\Lenovo\AppData\Loc...}, goog:chromeOptions: {debuggerAddress: localhost:52588}, networkConnectionEnabled: false, pageLoadStrategy: normal, platformName: WINDOWS, proxy: Proxy(), se:cdp: ws://localhost:52588/devtoo..., se:cdpVersion: 110.0.5481.97, setWindowRect: true, strictFileInteractability: false, timeouts: {implicit: 0, pageLoad: 300000, script: 30000}, unhandledPromptBehavior: dismiss and notify, webauthn:extension:credBlob: true, webauthn:extension:largeBlob: true, webauthn:virtualAuthenticators: true}
Element: [[[[ChromeDriver: chrome on WINDOWS (3d6124a758b8035100f0410f8616ab80)] -> class name: orangehrm-container]] -> xpath: //div[contains(text(),'Cassidy')]]
Session ID: 3d6124a758b8035100f0410f8616ab80
at java.base/jdk.internal.reflect.NativeConstructorAccessorImpl.newInstance0(Native Method)
at java.base/jdk.internal.reflect.NativeConstructorAccessorImpl.newInstance(NativeConstructorAccessorImpl.java:64)
at java.base/jdk.internal.reflect.DelegatingConstructorAccessorImpl.newInstance(DelegatingConstructorAccessorImpl.java:45)
at java.base/java.lang.reflect.Constructor.newInstanceWithCaller(Constructor.java:500)
at java.base/java.lang.reflect.Constructor.newInstance(Constructor.java:481)
at org.openqa.selenium.remote.codec.w3c.W3CHttpResponseCodec.createException(W3CHttpResponseCodec.java:200)
at org.openqa.selenium.remote.codec.w3c.W3CHttpResponseCodec.decode(W3CHttpResponseCodec.java:133)
at org.openqa.selenium.remote.codec.w3c.W3CHttpResponseCodec.decode(W3CHttpResponseCodec.java:53)
at org.openqa.selenium.remote.HttpCommandExecutor.execute(HttpCommandExecutor.java:184)
at org.openqa.selenium.remote.service.DriverCommandExecutor.invokeExecute(DriverCommandExecutor.java:167)
at org.openqa.selenium.remote.service.DriverCommandExecutor.execute(DriverCommandExecutor.java:142)
at org.openqa.selenium.remote.RemoteWebDriver.execute(RemoteWebDriver.java:535)
at org.openqa.selenium.remote.RemoteWebElement.execute(RemoteWebElement.java:257)
at org.openqa.selenium.remote.RemoteWebElement.getText(RemoteWebElement.java:207)
at mainjava2.PIMPage2.getEmpListFromSearchResults(PIMPage2.java:83)
at test2.PIMTest2.verifyEmpSearchEmpName(PIMTest2.java:20)
at java.base/jdk.internal.reflect.NativeMethodAccessorImpl.invoke0(Native Method)
at java.base/jdk.internal.reflect.NativeMethodAccessorImpl.invoke(NativeMethodAccessorImpl.java:64)
at java.base/jdk.internal.reflect.DelegatingMethodAccessorImpl.invoke(DelegatingMethodAccessorImpl.java:43)
at java.base/java.lang.reflect.Method.invoke(Method.java:564)
at org.testng.internal.invokers.MethodInvocationHelper.invokeMethod(MethodInvocationHelper.java:139)
at org.testng.internal.invokers.TestInvoker.invokeMethod(TestInvoker.java:677)
at org.testng.internal.invokers.TestInvoker.invokeTestMethod(TestInvoker.java:221)
at org.testng.internal.invokers.MethodRunner.runInSequence(MethodRunner.java:50)
at org.testng.internal.invokers.TestInvoker$MethodInvocationAgent.invoke(TestInvoker.java:969)
at org.testng.internal.invokers.TestInvoker.invokeTestMethods(TestInvoker.java:194)
at org.testng.internal.invokers.TestMethodWorker.invokeTestMethods(TestMethodWorker.java:148)
at org.testng.internal.invokers.TestMethodWorker.run(TestMethodWorker.java:128)
at java.base/java.util.ArrayList.forEach(ArrayList.java:1511)
at org.testng.TestRunner.privateRun(TestRunner.java:829)
at org.testng.TestRunner.run(TestRunner.java:602)
at org.testng.SuiteRunner.runTest(SuiteRunner.java:437)
at org.testng.SuiteRunner.runSequentially(SuiteRunner.java:431)
at org.testng.SuiteRunner.privateRun(SuiteRunner.java:391)
at org.testng.SuiteRunner.run(SuiteRunner.java:330)
at org.testng.SuiteRunnerWorker.runSuite(SuiteRunnerWorker.java:52)
at org.testng.SuiteRunnerWorker.run(SuiteRunnerWorker.java:95)
at org.testng.TestNG.runSuitesSequentially(TestNG.java:1256)
at org.testng.TestNG.runSuitesLocally(TestNG.java:1176)
at org.testng.TestNG.runSuites(TestNG.java:1099)
at org.testng.TestNG.run(TestNG.java:1067)
at org.apache.maven.surefire.testng.TestNGExecutor.run(TestNGExecutor.java:324)
at org.apache.maven.surefire.testng.TestNGXmlTestSuite.execute(TestNGXmlTestSuite.java:74)
at org.apache.maven.surefire.testng.TestNGProvider.invoke(TestNGProvider.java:123)
at org.apache.maven.surefire.booter.ForkedBooter.runSuitesInProcess(ForkedBooter.java:456)
at org.apache.maven.surefire.booter.ForkedBooter.execute(ForkedBooter.java:169)
at org.apache.maven.surefire.booter.ForkedBooter.run(ForkedBooter.java:595)
at org.apache.maven.surefire.booter.ForkedBooter.main(ForkedBooter.java:581)
]]>
            </full-stacktrace>
          </exception> <!-- org.openqa.selenium.StaleElementReferenceException -->
          <reporter-output>
          </reporter-output>
        </test-method> <!-- verifyEmpSearchEmpName -->
        <test-method is-config="true" signature="logOut()[pri:0, instance:test2.PIMTest2@5ab956d7]" started-at="2023-02-15T21:22:30 IST" name="logOut" finished-at="2023-02-15T21:22:32 IST" duration-ms="2245" status="PASS">
          <reporter-output>
          </reporter-output>
        </test-method> <!-- logOut -->
      </class> <!-- test2.PIMTest2 -->
      <class name="test2.LoginTest2">
        <test-method is-config="true" signature="initBrowser()[pri:0, instance:test2.LoginTest2@5677323c]" started-at="2023-02-15T21:21:29 IST" name="initBrowser" finished-at="2023-02-15T21:22:06 IST" duration-ms="36694" status="PASS">
          <reporter-output>
          </reporter-output>
        </test-method> <!-- initBrowser -->
        <test-method is-config="true" signature="pageObjects()[pri:0, instance:test2.LoginTest2@5677323c]" started-at="2023-02-15T21:22:06 IST" name="pageObjects" finished-at="2023-02-15T21:22:06 IST" duration-ms="44" status="PASS">
          <reporter-output>
          </reporter-output>
        </test-method> <!-- pageObjects -->
        <test-method signature="verifyTitleOfBuild()[pri:0, instance:test2.LoginTest2@5677323c]" started-at="2023-02-15T21:22:06 IST" name="verifyTitleOfBuild" finished-at="2023-02-15T21:22:06 IST" duration-ms="23" status="PASS">
          <reporter-output>
          </reporter-output>
        </test-method> <!-- verifyTitleOfBuild -->
        <test-method signature="verifyTitleofPage()[pri:1, instance:test2.LoginTest2@5677323c]" started-at="2023-02-15T21:22:06 IST" name="verifyTitleofPage" finished-at="2023-02-15T21:22:08 IST" duration-ms="1915" status="PASS">
          <reporter-output>
          </reporter-output>
        </test-method> <!-- verifyTitleofPage -->
        <test-method signature="verifyCurrentUrlofPage()[pri:2, instance:test2.LoginTest2@5677323c]" started-at="2023-02-15T21:22:08 IST" name="verifyCurrentUrlofPage" finished-at="2023-02-15T21:22:08 IST" duration-ms="18" status="PASS">
          <reporter-output>
          </reporter-output>
        </test-method> <!-- verifyCurrentUrlofPage -->
        <test-method signature="verifyLoginWithCorrectCredentials()[pri:3, instance:test2.LoginTest2@5677323c]" started-at="2023-02-15T21:22:08 IST" name="verifyLoginWithCorrectCredentials" finished-at="2023-02-15T21:22:14 IST" duration-ms="6111" status="PASS">
          <reporter-output>
          </reporter-output>
        </test-method> <!-- verifyLoginWithCorrectCredentials -->
        <test-method is-config="true" signature="logOut()[pri:0, instance:test2.LoginTest2@5677323c]" started-at="2023-02-15T21:22:14 IST" name="logOut" finished-at="2023-02-15T21:22:20 IST" duration-ms="5639" status="PASS">
          <reporter-output>
          </reporter-output>
        </test-method> <!-- logOut -->
        <test-method is-config="true" signature="tearDownEnvironment()[pri:0, instance:test2.LoginTest2@5677323c]" started-at="2023-02-15T21:22:32 IST" name="tearDownEnvironment" finished-at="2023-02-15T21:22:33 IST" duration-ms="1050" status="PASS">
          <reporter-output>
          </reporter-output>
        </test-method> <!-- tearDownEnvironment -->
      </class> <!-- test2.LoginTest2 -->
    </test> <!-- Test -->
  </suite> <!-- Suite -->
</testng-results>
